MainThread: 24:08:2016 13:07:49BEGIN : SCMB Script!!!
MainThread:Logged out successfully
MainThread:Connecting to 10.54.31.213:5671 with SSL
MainThread:Created channel=1
MainThread: 24:08:2016 13:07:49Server Profile has entered into Critical State!
Thread-1: 24:08:2016 13:07:4910.54.31.213
MainThread: 24:08:2016 13:07:49Server Profile has entered into Critical State!
Thread-1:Logged in successfully
Thread-1: 24:08:2016 13:07:49/rest/server-hardware/30303437-3933-4753-4831-30395835524E
Thread-1: 24:08:2016 13:07:49 Health Status : OK
Thread-1: 24:08:2016 13:07:49 Nic Status : Good
Thread-1: 24:08:2016 13:07:49Hardware Matched : Encl2, bay 15
Thread-1: 24:08:2016 13:07:49 Powering Off the Server
Thread-1: 24:08:2016 13:07:49 Server Powered Off
Thread-1: 24:08:2016 13:07:49 Creating Server Profile :sp_copy
Thread-2: 24:08:2016 13:07:4910.54.31.213
Thread-2:Logged in successfully
Thread-2: 24:08:2016 13:07:49/rest/server-hardware/30303437-3933-4753-4831-30385835524E
Thread-2: 24:08:2016 13:07:49 Health Status : OK
Thread-2: 24:08:2016 13:07:49 Nic Status : Good
Thread-2: 24:08:2016 13:07:49Hardware Matched : Encl2, bay 14
Thread-2: 24:08:2016 13:07:49 Powering Off the Server
Thread-1: 24:08:2016 13:07:49 Profile Created : sp_copy
Thread-1: 24:08:2016 13:07:49 Powering On the Server
Thread-2: 24:08:2016 13:07:49 Server Powered Off
Thread-2: 24:08:2016 13:07:49 Creating Server Profile :ServerProfile12
Thread-1: 24:08:2016 13:07:49 Server Powered On
Thread-1: 24:08:2016 13:07:49 Removed /rest/server-profiles/90c93c16-6eeb-4e93-b233-317941ade204 Now ServerProfileList has: ['/rest/server-profiles/71ed3384-b3bf-4cf2-9552-d11ab9b303de']
Thread-1:Logged out successfully
Thread-2: 24:08:2016 13:07:49 Profile Created : ServerProfile12
Thread-2: 24:08:2016 13:07:49 Powering On the Server
Thread-2: 24:08:2016 13:07:49 Server Powered On
Thread-2: 24:08:2016 13:07:49 Removed /rest/server-profiles/71ed3384-b3bf-4cf2-9552-d11ab9b303de Now ServerProfileList has: []
Thread-2:Logged out successfully
MainThread:Uncaught Exception: KeyboardInterrupt with message: 
